#!/bin/bash

LISTVERSION="
7.01 7.00 6.24 6.23 6.22 6.21 6.20 
6.11 6.10 6.02 6.01 6.00 5.91 5.90 5.80 5.71 5.70 
5.61 5.60 5.50 5.40 5.31 5.30 5.21 5.20 5.11 5.10 
5.01 5.00 4.20 4.11 4.10 4.01 4.00 3.93 3.92 3.91 
3.90 3.80 3.71 3.70 3.62 3.61 3.60 3.51 3.50 3.42 
3.41 3.40 3.30 3.20 3.11 3.10 3.00 2.90 2.06 2.00"

declare -A LISTURL=(
  [2.00en]="ftp://ftp.rarlab.com/rar/winrar20.exe" "02c0b0a4fe7fe1a8ee6b663ab8332045"
  [2.06en]="ftp://ftp.rarlab.com/rar/wrar206.exe" "2f1d5edd81dcde909fb08d88a3b05f15"
  [2.90en]="ftp://ftp.rarlab.com/rar/wrar290.exe" "fe41e72ba35208c1d12cfa038487fa5a"
  [3.00en]="ftp://ftp.rarlab.com/rar/wrar300.exe" "31a7b058b9af6ec8775638531cff6750"
  [3.10en]="ftp://ftp.rarlab.com/rar/wrar310.exe" "2606d5be0db0f47feb3cb92a94f64eaf"
  [3.11en]="ftp://ftp.rarlab.com/rar/wrar311.exe" "cf9dfce6bf5ffc1b71541a9d49ea1b27"
  [3.20en]="ftp://ftp.rarlab.com/rar/wrar320.exe" "0324192703ab649a5edf2bed61e9a710"
  [3.30en]="ftp://ftp.rarlab.com/rar/wrar330.exe" "4f036bf544e03d30e54b25f807b4ec38"
  [3.40en]="ftp://ftp.rarlab.com/rar/wrar340.exe" "b07814a4d120b0971dccec4d2059f806"
  [3.41en]="ftp://ftp.rarlab.com/rar/wrar341.exe" "4e840efbd83b3af4cbe6c7230427ad1e"
  [3.42en]="ftp://ftp.rarlab.com/rar/wrar342.exe" "a414b03c9d90162489e36a3ad8d33386"
  [3.50en]="ftp://ftp.rarlab.com/rar/wrar350.exe" "e5af5f78f1282df7885d1e35503d5531"
  [3.51en]="ftp://ftp.rarlab.com/rar/wrar351.exe" "84c1611641e9de90bed2a254b8b02ea2"
  [3.60en]="ftp://ftp.rarlab.com/rar/wrar360.exe" "c05f9669b7ed0cabc278f0a68aa683e2"
  [3.61en]="ftp://ftp.rarlab.com/rar/wrar361.exe" "75059ab2727fcb7244b57690625fc582"
  [3.62en]="ftp://ftp.rarlab.com/rar/wrar362.exe" "15ce577f46bda1dfa2c8b10a8d0a02e5"
  [3.70en]="ftp://ftp.rarlab.com/rar/wrar370.exe" "8c1f7d4079ed6ecf216f39eb56705958"
  [3.71en]="ftp://ftp.rarlab.com/rar/wrar371.exe" "1729afff0793995df807827ffdbcbdd3"
  [3.80en]="ftp://ftp.rarlab.com/rar/wrar380.exe" "7e8d59d3c0893730a9a590db51c6d052"
  [3.90en]="ftp://ftp.rarlab.com/rar/wrar390.exe" "2e38f5b68304888fe0d9bf4f4b04c75d"
  [3.91ca]="ftp://ftp.rarlab.com/rar/wrar391va.exe" "d596ecd5ea9708b50b8d983ec01273e8"
  [3.91en]="ftp://ftp.rarlab.com/rar/wrar391.exe" "cf02f56363865246facb30670077fb5e"
  [3.92en]="ftp://ftp.rarlab.com/rar/wrar392.exe" "39c6ea8adae9dd7e945bdfdada1e3a36"
  [3.92sr]="ftp://ftp.rarlab.com/rar/wrar392srbcyr.exe" "3bacaee4382009bc66d4ec5a6aa182b3"
  [3.93be]="ftp://ftp.rarlab.com/rar/wrar393by.exe" "071e7201cba8613a1333c59e50ef040f"
  [3.93bg]="ftp://ftp.rarlab.com/rar/wrar393bg.exe" "b8d902249568f7274f7dabb7ef154efc"
  [3.93bs]="ftp://ftp.rarlab.com/rar/wrar393ba.exe" "3c94ac943ff0515b2ffd8a060100e660"
  [3.93ca]="ftp://ftp.rarlab.com/rar/wrar393ca.exe" "7bc329c4c549d3de84bcbf41f7327f38"
  [3.93cs]="ftp://ftp.rarlab.com/rar/wrar393cz.exe" "4f1ef9076956fa8f3d36b1208ad56833"
  [3.93da]="ftp://ftp.rarlab.com/rar/wrar393dk.exe" "1ac64faf64698b678b4f7cfe361cdab2"
  [3.93de]="ftp://ftp.rarlab.com/rar/wrar393d.exe" "8a4658046dadcab314f194607958fa54"
  [3.93el]="ftp://ftp.rarlab.com/rar/wrar393el.exe" "80261ad766eb16bc081c986ac043b792"
  [3.93en]="ftp://ftp.rarlab.com/rar/wrar393.exe" "b3b121ccac92a71152d3aa6a783927d4"
  [3.93es]="ftp://ftp.rarlab.com/rar/wrar393es.exe" "2ac895003bffbc19ca46de54df00ea63"
  [3.93et]="ftp://ftp.rarlab.com/rar/wrar393est.exe" "593c89e6b894284d68fa4fbb915f49fd"
  [3.93fi]="ftp://ftp.rarlab.com/rar/wrar393fi.exe" "41f067885cdf561bf3a61adc7f0a0429"
  [3.93fr]="ftp://ftp.rarlab.com/rar/wrar393fr.exe" "0d77c6114ad9af91d44888cca1c2114f"
  [3.93he]="ftp://ftp.rarlab.com/rar/wrar393he.exe" "33e319ba265f08f4c5c931621e35e2d8"
  [3.93hr]="ftp://ftp.rarlab.com/rar/wrar393cro.exe" "4e2cd84aa1810ba6bdc7f0859d46989e"
  [3.93hu]="ftp://ftp.rarlab.com/rar/wrar393hu.exe" "5f00e09f5b286ad11defd80f9f20528f"
  [3.93id]="ftp://ftp.rarlab.com/rar/wrar393id.exe" "bfde34d1a770bc5f4bc6da8987f0697e"
  [3.93it]="ftp://ftp.rarlab.com/rar/wrar393it.exe" "56fe85df610fb21e8388e9ed33dacfc4"
  [3.93ja]="ftp://ftp.rarlab.com/rar/wrar393j.exe" "1cf7304c08af25f1962a0a7f132f3c1e"
  [3.93kk]="ftp://ftp.rarlab.com/rar/wrar393k.exe" "e1450444844739ea6de3638b477755bc"
  [3.93mk]="ftp://ftp.rarlab.com/rar/wrar393mk.exe" "c9d11939607e6c34851a0388ae8bda1d"
  [3.93nl]="ftp://ftp.rarlab.com/rar/wrar393nl.exe" "20e4915caf7ec09b3becccefa2f8f57c"
  [3.93no]="ftp://ftp.rarlab.com/rar/wrar393no.exe" "d03b575f8b622180402a3991ef8c3d42"
  [3.93pl]="ftp://ftp.rarlab.com/rar/wrar393pl.exe" "b1bf4746d4c20c2cd5ddab922f52483d"
  [3.93pt]="ftp://ftp.rarlab.com/rar/wrar393pt.exe" "f2ec12c0617070f9f7c583d550085d35"
  [3.93ro]="ftp://ftp.rarlab.com/rar/wrar393ro.exe" "8c15849261393f6db40c4592661ef31f"
  [3.93ru]="ftp://ftp.rarlab.com/rar/wrar393ru.exe" "59d31c8a8a37162b4dcbda5ddc9da26b"
  [3.93sc]="ftp://ftp.rarlab.com/rar/wrar393sc.exe" "7beb5e7899f16e60a9a990137583e5e9"
  [3.93sk]="ftp://ftp.rarlab.com/rar/wrar393sk.exe" "2179f105dd761c7a2bbeddbae25c5464"
  [3.93sl]="ftp://ftp.rarlab.com/rar/wrar393slv.exe" "e021d0e210fb6021797ef1719247fca7"
  [3.93sq]="ftp://ftp.rarlab.com/rar/wrar393al.exe" "78456d30948d5463748718ad9549f3cd"
  [3.93sv]="ftp://ftp.rarlab.com/rar/wrar393sw.exe" "50e8255027cf0344f03ff29801797072"
  [3.93th]="ftp://ftp.rarlab.com/rar/wrar393th.exe" "2b91b57b71acad447aaa0e502992247a"
  [3.93uk]="ftp://ftp.rarlab.com/rar/wrar393ukr.exe" "e133a0f56c2b8b2ed0f73bc91e0b901e"
  [3.93uz]="ftp://ftp.rarlab.com/rar/wrar393uz.exe" "ee625b9bbb35d6057534898c61d7c5cf"
  [3.93zh]="ftp://ftp.rarlab.com/rar/wrar393tc.exe" "1c2b6a47a81a9fb2557fac13471cef69"
  [4.00en]="ftp://ftp.rarlab.com/rar/wrar400.exe" "3f4f856c6684dc8a1a4ad94055767689"
  [4.01en]="ftp://ftp.rarlab.com/rar/wrar401.exe" "8b9b452a9a020476f657912fe7b4179a"
  [4.10en]="ftp://ftp.rarlab.com/rar/wrar410.exe" "0bfac54b3ea5057be97c59a06da3848e"
  [4.11en]="ftp://ftp.rarlab.com/rar/wrar411.exe" "6104230ddda9f14d3b7ff830e35afe42"
  [4.20en]="ftp://ftp.rarlab.com/rar/wrar420.exe" "e1ed6342baffb7f0be44b5eba8f8a7f3"
  [5.00en]="ftp://ftp.rarlab.com/rar/wrar500.exe" "a3532fe9799f546ca61b0492802d0878"
  [5.00tk]="ftp://ftp.rarlab.com/rar/wrar500tkm.exe" "d3e062c1c046ec5165acbcf9bcbb51fe"
  [5.01en]="ftp://ftp.rarlab.com/rar/wrar501.exe" "10862fb395954b2638f24898890bac63"
  [5.01si]="ftp://ftp.rarlab.com/rar/wrar501si.exe" "ca3c591cb5e8918e1617c2d5e54afcd4"
  [5.10en]="ftp://ftp.rarlab.com/rar/wrar510.exe" "2b5e45ed89904404e8ffdcd9d744314b"
  [5.11en]="ftp://ftp.rarlab.com/rar/wrar511.exe" "a0086d5d6c0c5ebd6da1ecb655d7e85d"
  [5.20en]="ftp://ftp.rarlab.com/rar/wrar520.exe" "e426d0477a4190992bd4fada4c5ed194"
  [5.21en]="ftp://ftp.rarlab.com/rar/wrar521.exe" "8bf5d9768ca315edcec9cdd27ebc09d1"
  [5.30en]="ftp://ftp.rarlab.com/rar/wrar530.exe" "0ef2e6992a53ea161c92880908a7b2d8"
  [5.31en]="ftp://ftp.rarlab.com/rar/wrar531.exe" "5ef78830103ff86df870a6fc5a8f20ea"
  [5.40en]="ftp://ftp.rarlab.com/rar/wrar540.exe" "5d930fa790eed4b6c7dd22262a015723"
  [5.40sq]="ftp://ftp.rarlab.com/rar/wrar540al.exe" "f3e593c9034b6d2f48bdc28bda72e6e8"
  [5.50en]="ftp://ftp.rarlab.com/rar/wrar550.exe" "62eab80792db53bf945ff0f835790d36"
  [5.50ka]="ftp://ftp.rarlab.com/rar/wrar550ge.exe" "10ac1ca85029da0ef6931ff1d3917b61"
  [5.60en]="ftp://ftp.rarlab.com/rar/wrar560.exe" "1ce9e3f4e3817ffefeecd7fa8c0361ce"
  [5.61en]="ftp://ftp.rarlab.com/rar/wrar561.exe" "c14bc74c048972b3eed2073ae3cdc8c1"
  [5.70en]="ftp://ftp.rarlab.com/rar/wrar570.exe" "90df4e0ca724025ba7234c7fb9cddc8e"
  [5.70ka]="ftp://ftp.rarlab.com/rar/wrar570ge.exe" "6ebada9137d23b631eaf745996edfcb3"
  [5.71az]="ftp://ftp.rarlab.com/rar/wrar571az.exe" "d90144ebb1df8d7c557a2190f1317e9a"
  [5.71be]="ftp://ftp.rarlab.com/rar/wrar571by.exe" "ec67a32313721567767b24cd8e4655cf"
  [5.71en]="ftp://ftp.rarlab.com/rar/wrar571.exe" "c064d1dc30027ba970c32c7a7c48b64a"
  [5.71et]="ftp://ftp.rarlab.com/rar/wrar571est.exe" "1f0ebc01c278ebeaa39a75734186613a"
  [5.71ka]="ftp://ftp.rarlab.com/rar/wrar571ge.exe" "28445e01612b1530a211900fe3937515"
  [5.71uz]="ftp://ftp.rarlab.com/rar/wrar571uz.exe" "1519f7ec99b7d737c1914f58a58e6214"
  [5.80en]="ftp://ftp.rarlab.com/rar/wrar580.exe" "caac1f5b17abcfd885ca30c8dd9318b4"
  [5.90en]="ftp://ftp.rarlab.com/rar/wrar590.exe" "c999c18e16d573826209c4e5aec757fd"
  [5.91en]="ftp://ftp.rarlab.com/rar/wrar591.exe" "d5c65b215b9e66aef5a7c5bc55109956"
  [5.91ka]="ftp://ftp.rarlab.com/rar/wrar591ge.exe" "9465281d846c5698f4ab87d5c88b89aa"
  [6.00en]="ftp://ftp.rarlab.com/rar/wrar600.exe" "62eacac1cbf40b4e52c0ec2e955275af"
  [6.01en]="ftp://ftp.rarlab.com/rar/wrar601.exe" "116c60626a6871149852cc873946dce4"
  [6.02en]="ftp://ftp.rarlab.com/rar/wrar602.exe" "045dcd79b8ec0f1217a3009fcad3190f"
  [6.10en]="ftp://ftp.rarlab.com/rar/winrar-x32-610.exe" "5b9dac4017964cd801953e94ce9a201a"
  [6.11ar]="ftp://ftp.rarlab.com/rar/winrar-x32-611ar.exe" "090f3b5a9b4082b7e7cc17420e27f905"
  [6.11az]="ftp://ftp.rarlab.com/rar/winrar-x32-611az.exe" "6916d9e510eac551d919fac4849591a3"
  [6.11bg]="ftp://ftp.rarlab.com/rar/winrar-x32-611bg.exe" "d380f92f3bbc31d506b5a94b8802d8e5"
  [6.11ca]="ftp://ftp.rarlab.com/rar/winrar-x32-611ca.exe" "4952cd43bab0a690de04e6b0dabc410f"
  [6.11cs]="ftp://ftp.rarlab.com/rar/winrar-x32-611cz.exe" "43ce9ed9ce7dba1f4f40da29d8038134"
  [6.11da]="ftp://ftp.rarlab.com/rar/winrar-x32-611dk.exe" "860385238a4fa9eb1c10b56f6e98fafb"
  [6.11de]="ftp://ftp.rarlab.com/rar/winrar-x32-611d.exe" "6212a636c38f73d51147e772dd2be04d"
  [6.11el]="ftp://ftp.rarlab.com/rar/winrar-x32-611el.exe" "da751f09dca7da90e021c8d233bff359"
  [6.11en]="ftp://ftp.rarlab.com/rar/winrar-x32-611uk.exe" "c8694819f001d1a291e0584620d42a0d"
  [6.11es]="ftp://ftp.rarlab.com/rar/winrar-x32-611es.exe" "e01a7b8bde268e33670df0e0296498e5"
  [6.11eu]="ftp://ftp.rarlab.com/rar/winrar-x32-611eu.exe" "1ecf3bf170dd810b1f4e1f662cd9f172"
  [6.11fa]="ftp://ftp.rarlab.com/rar/winrar-x32-611prs.exe" "7d4d2a173f01ed61a977740b17c230f9"
  [6.11fi]="ftp://ftp.rarlab.com/rar/winrar-x32-611fi.exe" "c7f94edf2476be31e73143122fcb4c01"
  [6.11fr]="ftp://ftp.rarlab.com/rar/winrar-x32-611fr.exe" "9ca38e5ec2ef79d2e175618f2802adf4"
  [6.11gl]="ftp://ftp.rarlab.com/rar/winrar-x32-611gl.exe" "4bfa20dd27477fe584a008f02cf80ea4"
  [6.11he]="ftp://ftp.rarlab.com/rar/winrar-x32-611he.exe" "f115d89778a328f0faddef7187da7761"
  [6.11hr]="ftp://ftp.rarlab.com/rar/winrar-x32-611cro.exe" "3940bf586f24ec76509f967e271c4c0c"
  [6.11hu]="ftp://ftp.rarlab.com/rar/winrar-x32-611hu.exe" "d9200ee1c67df14db42078ec71fabc71"
  [6.11hy]="ftp://ftp.rarlab.com/rar/winrar-x32-611am.exe" "b444e08155b0daaf11ad2832a02327e0"
  [6.11id]="ftp://ftp.rarlab.com/rar/winrar-x32-611id.exe" "bfe74b3a7a0cb8a46d197cc7f16597ba"
  [6.11it]="ftp://ftp.rarlab.com/rar/winrar-x32-611it.exe" "5fe4cc7041f8c79ba75c7df08bd95bfe"
  [6.11ja]="ftp://ftp.rarlab.com/rar/winrar-x32-611jp.exe" "8c18b80c2ff3b58c2b9389bff15f6e5e"
  [6.11ko]="ftp://ftp.rarlab.com/rar/winrar-x32-611kr.exe" "6cb30144b14d3d98bb10f2c5cac85585"
  [6.11mn]="ftp://ftp.rarlab.com/rar/winrar-x32-611mn.exe" "14079afc6d106151b00143750b364058"
  [6.11nl]="ftp://ftp.rarlab.com/rar/winrar-x32-611nl.exe" "55cb4f865e181dfa18ddcb27f30d87dd"
  [6.11no]="ftp://ftp.rarlab.com/rar/winrar-x32-611no.exe" "454006b3c591fa9f14169c169cec2429"
  [6.11pl]="ftp://ftp.rarlab.com/rar/winrar-x32-611pl.exe" "8a9999028d7972f70a057ce433716430"
  [6.11pt]="ftp://ftp.rarlab.com/rar/winrar-x32-611pt.exe" "5c87bd61d489a9d83e6f7e417dede89c"
  [6.11ro]="ftp://ftp.rarlab.com/rar/winrar-x32-611ro.exe" "1089a5b2c0aa807d66b1412256c44547"
  [6.11ru]="ftp://ftp.rarlab.com/rar/winrar-x32-611ru.exe" "305509ac1237a34a0b6afe515f7d045b"
  [6.11sc]="ftp://ftp.rarlab.com/rar/winrar-x32-611sc.exe" "c756f0c871f42562f0a784723506c347"
  [6.11sk]="ftp://ftp.rarlab.com/rar/winrar-x32-611sk.exe" "9943e18fd587e53a9b6cabf69ac236b6"
  [6.11sl]="ftp://ftp.rarlab.com/rar/winrar-x32-611slv.exe" "ae0cd138eed95565bdb5748c8626f231"
  [6.11sr]="ftp://ftp.rarlab.com/rar/winrar-x32-611srbcyr.exe" "669db505e5329d4d00c58cb6c223573b"
  [6.11sv]="ftp://ftp.rarlab.com/rar/winrar-x32-611sw.exe" "83161afb5c4975d1283396a208a8dd4b"
  [6.11th]="ftp://ftp.rarlab.com/rar/winrar-x32-611th.exe" "cd133b83b1668d49745a9a7956c3b37c"
  [6.11vi]="ftp://ftp.rarlab.com/rar/winrar-x32-611vn.exe" "e9ec40eff9716a99a665b2eb1ea1d0f3"
  [6.11zh]="ftp://ftp.rarlab.com/rar/winrar-x32-611tc.exe" "20f6d9569b885363131519eadcc1c5b6"
  [6.20bg]="ftp://ftp.rarlab.com/rar/winrar-x32-620bg.exe" "e45183eae8018b0576e2064d408a2f0a"
  [6.20ca]="ftp://ftp.rarlab.com/rar/winrar-x32-620ca.exe" "46068e213f087ab5b4d9a3f51ceb7ed3"
  [6.20cs]="ftp://ftp.rarlab.com/rar/winrar-x32-620cz.exe" "0e7ec50d02d65335fd37720290c0d610"
  [6.20de]="ftp://ftp.rarlab.com/rar/winrar-x32-620d.exe" "cca038c6f4f2a045601ff1c6be169960"
  [6.20en]="ftp://ftp.rarlab.com/rar/winrar-x32-620.exe" "6067c420d31d6f62bee9c991a09340ca"
  [6.20es]="ftp://ftp.rarlab.com/rar/winrar-x32-620es.exe" "b164df54609bf74768076919d98733e1"
  [6.20eu]="ftp://ftp.rarlab.com/rar/winrar-x32-620eu.exe" "54c9ad8811b4bb60ad211ad4836c7eb3"
  [6.20fi]="ftp://ftp.rarlab.com/rar/winrar-x32-620fi.exe" "121e499a971c8c7924c2f42b2b9385d0"
  [6.20fr]="ftp://ftp.rarlab.com/rar/winrar-x32-620fr.exe" "090e62c1c98c83dee70c8fe28b6f179d"
  [6.20gl]="ftp://ftp.rarlab.com/rar/winrar-x32-620gl.exe" "f3543d313fecb2baa60fc7df553ec5b4"
  [6.20hr]="ftp://ftp.rarlab.com/rar/winrar-x32-620cro.exe" "6c1a691c981c1c4059ab9045b740af6c"
  [6.20hu]="ftp://ftp.rarlab.com/rar/winrar-x32-620hu.exe" "c00bc3476efc01730c8c6d3e1e23b1cd"
  [6.20hy]="ftp://ftp.rarlab.com/rar/winrar-x32-620am.exe" "b0380f92163dbfde789a48766c08dfa7"
  [6.20id]="ftp://ftp.rarlab.com/rar/winrar-x32-620id.exe" "e11778751f041ca995177f483ff18ed2"
  [6.20it]="ftp://ftp.rarlab.com/rar/winrar-x32-620it.exe" "ddad8fba89a7ea44a0f5384b9d2a63db"
  [6.20ko]="ftp://ftp.rarlab.com/rar/winrar-x32-620kr.exe" "145a7dad1d1664d3c9608a1aff36dcc5"
  [6.20no]="ftp://ftp.rarlab.com/rar/winrar-x32-620no.exe" "7311c2747930c02f4995dc119e864e24"
  [6.20pt]="ftp://ftp.rarlab.com/rar/winrar-x32-620pt.exe" "dd1c0070187210901f05dbde84057a4b"
  [6.20ru]="ftp://ftp.rarlab.com/rar/winrar-x32-620ru.exe" "6852258e668de844aa36ea4aa3eb3674"
  [6.20sl]="ftp://ftp.rarlab.com/rar/winrar-x32-620slv.exe" "79056abae2fbf2131c79f291110cb6f6"
  [6.20sv]="ftp://ftp.rarlab.com/rar/winrar-x32-620sw.exe" "ce23949b786efd838f0affb1b40e1be5"
  [6.20zh]="ftp://ftp.rarlab.com/rar/winrar-x32-620tc.exe" "1ef61f18771af85d20e987c35fc5c15e"
  [6.21ar]="ftp://ftp.rarlab.com/rar/winrar-x32-621ar.exe" "05d327b0c0f0cbb3406bccaa6dbcb1b7"
  [6.21az]="ftp://ftp.rarlab.com/rar/winrar-x32-621az.exe" "e079478f417410d6f59a6d222941a4cf"
  [6.21bg]="ftp://ftp.rarlab.com/rar/winrar-x32-621bg.exe" "3d1cc940f6aad35f87ac02d7b674fb2b"
  [6.21ca]="ftp://ftp.rarlab.com/rar/winrar-x32-621ca.exe" "503be9190b6f503af1d50b3d3cf250bf"
  [6.21cs]="ftp://ftp.rarlab.com/rar/winrar-x32-621cz.exe" "6c2f4dead4ef6697ce2d61783ba28127"
  [6.21da]="ftp://ftp.rarlab.com/rar/winrar-x32-621dk.exe" "a92ed69fd5505d875fbe4a6d6debf8c5"
  [6.21de]="ftp://ftp.rarlab.com/rar/winrar-x32-621d.exe" "15833bead22a60eac90f6da995dadcbb"
  [6.21el]="ftp://ftp.rarlab.com/rar/winrar-x32-621el.exe" "edc1865edb71fdf04d1ca8a503bfb7e5"
  [6.21en]="ftp://ftp.rarlab.com/rar/winrar-x32-621.exe" "6bfe455ea0afaad544bd55f8fd8c8049"
  [6.21es]="ftp://ftp.rarlab.com/rar/winrar-x32-621es.exe" "052389cea7e0f9375070248bd0f0c30a"
  [6.21eu]="ftp://ftp.rarlab.com/rar/winrar-x32-621eu.exe" "2c56486030c73d69f98733a59f28e4c1"
  [6.21fi]="ftp://ftp.rarlab.com/rar/winrar-x32-621fi.exe" "0c7e1c2fcd44d789636dc910a52a5d48"
  [6.21fr]="ftp://ftp.rarlab.com/rar/winrar-x32-621fr.exe" "3abddd997f0c7925ed4c7173bdcd2aa9"
  [6.21gl]="ftp://ftp.rarlab.com/rar/winrar-x32-621gl.exe" "e0b6be6da943a64eaf804f52c920999a"
  [6.21hr]="ftp://ftp.rarlab.com/rar/winrar-x32-621cro.exe" "0bdc546c9e65819d50d518f1649fb466"
  [6.21hu]="ftp://ftp.rarlab.com/rar/winrar-x32-621hu.exe" "3ee08aa2018dd5fb59f0a96308f05568"
  [6.21hy]="ftp://ftp.rarlab.com/rar/winrar-x32-621am.exe" "14006335df8140bdf98a2c3ab47a57d2"
  [6.21id]="ftp://ftp.rarlab.com/rar/winrar-x32-621id.exe" "a675d427ac4066bc1ff0287f89455cbf"
  [6.21it]="ftp://ftp.rarlab.com/rar/winrar-x32-621it.exe" "e956657bb3617d9370b36ba8e951aaa3"
  [6.21ja]="ftp://ftp.rarlab.com/rar/winrar-x32-621jp.exe" "8965a6bd0384e39c1fbcd9cefbe262f7"
  [6.21ko]="ftp://ftp.rarlab.com/rar/winrar-x32-621kr.exe" "046d8573037dac630d21793d39fe0c21"
  [6.21lt]="ftp://ftp.rarlab.com/rar/winrar-x32-621lt.exe" "c725be4888d7f890e7af39a56f9abb22"
  [6.21mn]="ftp://ftp.rarlab.com/rar/winrar-x32-621mn.exe" "16a56494777dab1f0edab7a7b2d56c34"
  [6.21nl]="ftp://ftp.rarlab.com/rar/winrar-x32-621nl.exe" "0f1ae1c3a7d0090687914ef0e13f3093"
  [6.21no]="ftp://ftp.rarlab.com/rar/winrar-x32-621no.exe" "25a1dff215a20a3fb2b49df2d4cd3a8a"
  [6.21pl]="ftp://ftp.rarlab.com/rar/winrar-x32-621pl.exe" "5bb4173187176197e915ba57edb1b449"
  [6.21pt]="ftp://ftp.rarlab.com/rar/winrar-x32-621pt.exe" "f7ee7943436cc838db564a8c7487d381"
  [6.21ro]="ftp://ftp.rarlab.com/rar/winrar-x32-621ro.exe" "ab9a9d63cbb4cdaf74d14fe2c859ce57"
  [6.21ru]="ftp://ftp.rarlab.com/rar/winrar-x32-621ru.exe" "6ca1b24edf96ab2dbb2e8ce47cf1192a"
  [6.21sc]="ftp://ftp.rarlab.com/rar/winrar-x32-621sc.exe" "a02db76989bb3b97778f00d2010ceb8b"
  [6.21sk]="ftp://ftp.rarlab.com/rar/winrar-x32-621sk.exe" "51d1511e5c06efb3e19d72502c60cf19"
  [6.21sl]="ftp://ftp.rarlab.com/rar/winrar-x32-621slv.exe" "d9499ef29bf469e841040d6dd11fe88a"
  [6.21sr]="ftp://ftp.rarlab.com/rar/winrar-x32-621srbcyr.exe" "80d4582e576e3ad2926d43f15de1e443"
  [6.21sv]="ftp://ftp.rarlab.com/rar/winrar-x32-621sw.exe" "42eeb68c697cffe7deb75356a123e003"
  [6.21th]="ftp://ftp.rarlab.com/rar/winrar-x32-621th.exe" "1e49d90361fe400ecf0c98d0fa262085"
  [6.21vi]="ftp://ftp.rarlab.com/rar/winrar-x32-621vn.exe" "9c1fcf45492260442ae3796b5ffd38bf"
  [6.21zh]="ftp://ftp.rarlab.com/rar/winrar-x32-621tc.exe" "11e98d7a86d34335716b67ff6304840c"
  [6.22ar]="ftp://ftp.rarlab.com/rar/winrar-x32-622ar.exe" "717e72768e569d7151670f29289dc157"
  [6.22bg]="ftp://ftp.rarlab.com/rar/winrar-x32-622bg.exe" "eac6985e9a73c939139d8250b7c7dd25"
  [6.22ca]="ftp://ftp.rarlab.com/rar/winrar-x32-622ca.exe" "96b9d86302b74ee73c32b87c6dfc0513"
  [6.22cs]="ftp://ftp.rarlab.com/rar/winrar-x32-622cz.exe" "ff5e4938c3ee3833bb4fca8286fcf542"
  [6.22da]="ftp://ftp.rarlab.com/rar/winrar-x32-622dk.exe" "899624202e841fd3fa085f2441812ac2"
  [6.22de]="ftp://ftp.rarlab.com/rar/winrar-x32-622d.exe" "1e4a30bb4d9c98d86e043230be4efa54"
  [6.22el]="ftp://ftp.rarlab.com/rar/winrar-x32-622el.exe" "5312c4f97874effda9e83514fced0acb"
  [6.22en]="ftp://ftp.rarlab.com/rar/winrar-x32-622.exe" "dfab531a7e4b33e98f0cf2ad23aad471"
  [6.22es]="ftp://ftp.rarlab.com/rar/winrar-x32-622es.exe" "0c75c36def96027688040149a808d0d1"
  [6.22eu]="ftp://ftp.rarlab.com/rar/winrar-x32-622eu.exe" "8909ecd9167fb1a7be128600c23de38a"
  [6.22fi]="ftp://ftp.rarlab.com/rar/winrar-x32-622fi.exe" "c1974d0a050df8310a36cd019029593e"
  [6.22fr]="ftp://ftp.rarlab.com/rar/winrar-x32-622fr.exe" "3050c4dff8fe73870ff519a4bfbb4b69"
  [6.22gl]="ftp://ftp.rarlab.com/rar/winrar-x32-622gl.exe" "a313a62e8329771502c2d3238a87978a"
  [6.22he]="ftp://ftp.rarlab.com/rar/winrar-x32-622he.exe" "02bc12b18ca42224174241c188f73cf7"
  [6.22hr]="ftp://ftp.rarlab.com/rar/winrar-x32-622cro.exe" "9ce0f5000f0fca14f69863989aecbfc2"
  [6.22hu]="ftp://ftp.rarlab.com/rar/winrar-x32-622hu.exe" "e39af00e031e8ad4df4ba6ecbb4ce574"
  [6.22hy]="ftp://ftp.rarlab.com/rar/winrar-x32-622am.exe" "0951b17f125b8bdaed1d880c9eb5150e"
  [6.22id]="ftp://ftp.rarlab.com/rar/winrar-x32-622id.exe" "edcfd1cad590856d8d0327e9e603af0d"
  [6.22it]="ftp://ftp.rarlab.com/rar/winrar-x32-622it.exe" "b03747973bdeafe3ccef3228ef6a4b34"
  [6.22ja]="ftp://ftp.rarlab.com/rar/winrar-x32-622jp.exe" "57c707b064372567363c26b7911a7af8"
  [6.22ko]="ftp://ftp.rarlab.com/rar/winrar-x32-622kr.exe" "f11853a462ee4b0b61ec040e6852d1ee"
  [6.22lt]="ftp://ftp.rarlab.com/rar/winrar-x32-622lt.exe" "51dace982b820d31c2e30d5a735ad55b"
  [6.22mn]="ftp://ftp.rarlab.com/rar/winrar-x32-622mn.exe" "56a92ac688da482c16d443da4cb079fc"
  [6.22nl]="ftp://ftp.rarlab.com/rar/winrar-x32-622nl.exe" "25fdd6512e293e6e9ea80106f255d0d0"
  [6.22no]="ftp://ftp.rarlab.com/rar/winrar-x32-622no.exe" "5bda6d928ac6ca31fb6c62b78c4c4c23"
  [6.22pl]="ftp://ftp.rarlab.com/rar/winrar-x32-622pl.exe" "467ff19ca01129a4a737606e70096202"
  [6.22pt]="ftp://ftp.rarlab.com/rar/winrar-x32-622pt.exe" "a5064e754694d603829cb68774f09a2a"
  [6.22ru]="ftp://ftp.rarlab.com/rar/winrar-x32-622ru.exe" "2495509bd7e80341011bffa0599d09b1"
  [6.22sc]="ftp://ftp.rarlab.com/rar/winrar-x32-622sc.exe" "27432d173f14ea02982f124983ee42d5"
  [6.22sk]="ftp://ftp.rarlab.com/rar/winrar-x32-622sk.exe" "59e91daebf7c3a343ac3a5be279ac739"
  [6.22sl]="ftp://ftp.rarlab.com/rar/winrar-x32-622slv.exe" "e1bb0e8a8cd4305c3a723fbaad441063"
  [6.22sr]="ftp://ftp.rarlab.com/rar/winrar-x32-622srbcyr.exe" "6739aabd683e5da2a1911375870c552f"
  [6.22sv]="ftp://ftp.rarlab.com/rar/winrar-x32-622sw.exe" "82dd33c776b535f3d6176f99b8516c82"
  [6.22th]="ftp://ftp.rarlab.com/rar/winrar-x32-622th.exe" "1ab6c1225541f2c5979f2c9accb93c69"
  [6.22vi]="ftp://ftp.rarlab.com/rar/winrar-x32-622vn.exe" "ce5efa29c86601e91fefc1c84bae8a1c"
  [6.22zh]="ftp://ftp.rarlab.com/rar/winrar-x32-622tc.exe" "31ac8328415408fd01134ec4b9cfb0ac"
  [6.23ar]="ftp://ftp.rarlab.com/rar/winrar-x32-623ar.exe" "c7a0fd99ca7657272d1700b4070e1e28"
  [6.23az]="ftp://ftp.rarlab.com/rar/winrar-x32-623az.exe" "5d484f1a55d3f49f327d7d117953d662"
  [6.23bg]="ftp://ftp.rarlab.com/rar/winrar-x32-623bg.exe" "4e08f5877ded4ffa2084c18dda35a110"
  [6.23ca]="ftp://ftp.rarlab.com/rar/winrar-x32-623ca.exe" "19d99998bf523d86db5e443e0396289c"
  [6.23cs]="ftp://ftp.rarlab.com/rar/winrar-x32-623cz.exe" "5ad278acac5f40aee7503e4d7948f28f"
  [6.23da]="ftp://ftp.rarlab.com/rar/winrar-x32-623dk.exe" "2a221406561cc2e348d0cfee22ddcf0c"
  [6.23de]="ftp://ftp.rarlab.com/rar/winrar-x32-623d.exe" "121def6f4b8515cabfb0ff1d98e6bbc4"
  [6.23el]="ftp://ftp.rarlab.com/rar/winrar-x32-623el.exe" "697a064f5b25f45165a30b08f06957e0"
  [6.23en]="ftp://ftp.rarlab.com/rar/winrar-x32-623.exe" "27436f363c49c5f34db206c76c6ef2aa"
  [6.23es]="ftp://ftp.rarlab.com/rar/winrar-x32-623es.exe" "a7aab3e5579619cc3110d12f76ac9c0e"
  [6.23eu]="ftp://ftp.rarlab.com/rar/winrar-x32-623eu.exe" "98f24556aac2580c7f2490c0d0f136d7"
  [6.23fi]="ftp://ftp.rarlab.com/rar/winrar-x32-623fi.exe" "00dc1e2025e324701fa732129a576d13"
  [6.23fr]="ftp://ftp.rarlab.com/rar/winrar-x32-623fr.exe" "2d7e6e0b21a9c4638cce41ed28e35a44"
  [6.23gl]="ftp://ftp.rarlab.com/rar/winrar-x32-623gl.exe" "aef52e8ee60e156a96cf1f84c04183bd"
  [6.23he]="ftp://ftp.rarlab.com/rar/winrar-x32-623he.exe" "9f3caffa76fef2b51d423a6853772ac0"
  [6.23hr]="ftp://ftp.rarlab.com/rar/winrar-x32-623cro.exe" "347bd3ee080a0fb555ade89e8d4538af"
  [6.23hu]="ftp://ftp.rarlab.com/rar/winrar-x32-623hu.exe" "6e33dbfb3abb635742914663016e81ef"
  [6.23hy]="ftp://ftp.rarlab.com/rar/winrar-x32-623am.exe" "45bcd76b86cd9329aebfd0b5f2182eed"
  [6.23id]="ftp://ftp.rarlab.com/rar/winrar-x32-623id.exe" "f9913323f26d8992b8c20b49d6ae771a"
  [6.23it]="ftp://ftp.rarlab.com/rar/winrar-x32-623it.exe" "ee38e5871d41c812937510e6f359eb32"
  [6.23ja]="ftp://ftp.rarlab.com/rar/winrar-x32-623jp.exe" "9ec8b357795ccf90dc38e60d3c9dbdc9"
  [6.23ko]="ftp://ftp.rarlab.com/rar/winrar-x32-623kr.exe" "217917a5c1e6583bcd2540e3ad1bb580"
  [6.23lt]="ftp://ftp.rarlab.com/rar/winrar-x32-623lt.exe" "47357abc6ed8b534fb94fabcdff7d9cb"
  [6.23mn]="ftp://ftp.rarlab.com/rar/winrar-x32-623mn.exe" "3926b3ebaa613ba48de0bb16eaefee93"
  [6.23nl]="ftp://ftp.rarlab.com/rar/winrar-x32-623nl.exe" "fde976b100b12aa7d64ed746404131db"
  [6.23no]="ftp://ftp.rarlab.com/rar/winrar-x32-623no.exe" "75d5944a5f3a9321c218f05d4f74c781"
  [6.23pl]="ftp://ftp.rarlab.com/rar/winrar-x32-623pl.exe" "f081ce13c3de6224df2e98817cb82c25"
  [6.23pt]="ftp://ftp.rarlab.com/rar/winrar-x32-623pt.exe" "c3a23610bf0358f7f40d86469da0e9cf"
  [6.23ro]="ftp://ftp.rarlab.com/rar/winrar-x32-623ro.exe" "b6f9d58753602c49a5189cac03ace367"
  [6.23ru]="ftp://ftp.rarlab.com/rar/winrar-x32-623ru.exe" "d5d27b61c5d4067cd9f806c30235c3d0"
  [6.23sc]="ftp://ftp.rarlab.com/rar/winrar-x32-623sc.exe" "e44485c31afc1872c2b8506137bbe913"
  [6.23sk]="ftp://ftp.rarlab.com/rar/winrar-x32-623sk.exe" "bbef7a0c543f02fa494c6ef6434a0a5a"
  [6.23sl]="ftp://ftp.rarlab.com/rar/winrar-x32-623slv.exe" "9c207f1d0256b637a2364526b0bd5080"
  [6.23sr]="ftp://ftp.rarlab.com/rar/winrar-x32-623srbcyr.exe" "e502041ebb93eae37edb2a1e3f6c3a4d"
  [6.23sv]="ftp://ftp.rarlab.com/rar/winrar-x32-623sw.exe" "8ceef3ca0b4f3ae39b6ead79e2644922"
  [6.23th]="ftp://ftp.rarlab.com/rar/winrar-x32-623th.exe" "267893982810be6331e688b983db3206"
  [6.23vi]="ftp://ftp.rarlab.com/rar/winrar-x32-623vn.exe" "077e84dc48536a876d9a502e3802a59e"
  [6.23zh]="ftp://ftp.rarlab.com/rar/winrar-x32-623tc.exe" "139705f078d8911baddcfbdd95728c01"
  [6.24ar]="ftp://ftp.rarlab.com/rar/winrar-x32-624ar.exe" "2b997d7ef527c09df7c9979c20237653"
  [6.24az]="ftp://ftp.rarlab.com/rar/winrar-x32-624az.exe" "2334fe669cc7fd8b05abcd6f20a3f201"
  [6.24bg]="ftp://ftp.rarlab.com/rar/winrar-x32-624bg.exe" "a1b362dfdb06753183409cf51d2ccfb6"
  [6.24ca]="ftp://ftp.rarlab.com/rar/winrar-x32-624ca.exe" "3127d82df619cef3600d7c98ca03bd7e"
  [6.24cs]="ftp://ftp.rarlab.com/rar/winrar-x32-624cz.exe" "c78c0288886a24f619acf02d970ed368"
  [6.24da]="ftp://ftp.rarlab.com/rar/winrar-x32-624dk.exe" "f86ceed8a1ab607d96ee2db06ab5a5e4"
  [6.24de]="ftp://ftp.rarlab.com/rar/winrar-x32-624d.exe" "a76cd950d6bb7360c39e442840751f9a"
  [6.24el]="ftp://ftp.rarlab.com/rar/winrar-x32-624el.exe" "6450393079e521455be9f7c3ac0fd4e2"
  [6.24en]="ftp://ftp.rarlab.com/rar/winrar-x32-624.exe" "5aeeee02e7b6b8e4a6b46d7bfc2e4bb3"
  [6.24es]="ftp://ftp.rarlab.com/rar/winrar-x32-624es.exe" "79ea60a51905f983c5ccda80fcf350f5"
  [6.24eu]="ftp://ftp.rarlab.com/rar/winrar-x32-624eu.exe" "c24c0392691431493ef51c3d4bbbec1c"
  [6.24fi]="ftp://ftp.rarlab.com/rar/winrar-x32-624fi.exe" "b295560fbffff31bc4a0a1acae0a8afc"
  [6.24fr]="ftp://ftp.rarlab.com/rar/winrar-x32-624fr.exe" "07858b9fdd891ef2d15f6c826c75863b"
  [6.24gl]="ftp://ftp.rarlab.com/rar/winrar-x32-624gl.exe" "dbfbca3a0a1968c25af8b36864f72761"
  [6.24he]="ftp://ftp.rarlab.com/rar/winrar-x32-624he.exe" "336290a078e3428e5d56378a1e17ab9c"
  [6.24hr]="ftp://ftp.rarlab.com/rar/winrar-x32-624cro.exe" "cc44b528d25f22c4fc5f27b1a353eebb"
  [6.24hu]="ftp://ftp.rarlab.com/rar/winrar-x32-624hu.exe" "6326c05adaf2e350381b015fb692848b"
  [6.24hy]="ftp://ftp.rarlab.com/rar/winrar-x32-624am.exe" "26c2b62b9290e3e586444fb06e7b65b0"
  [6.24id]="ftp://ftp.rarlab.com/rar/winrar-x32-624id.exe" "1ef5a9b7a35c5f620e749fafd55713f5"
  [6.24it]="ftp://ftp.rarlab.com/rar/winrar-x32-624it.exe" "cd6b144f78fbc468f9434655f94ab239"
  [6.24ja]="ftp://ftp.rarlab.com/rar/winrar-x32-624jp.exe" "127643a7ceb0d71dc04136dc6c6deba4"
  [6.24ko]="ftp://ftp.rarlab.com/rar/winrar-x32-624kr.exe" "2d87af5a35f7714af704e18ba8c42530"
  [6.24lt]="ftp://ftp.rarlab.com/rar/winrar-x32-624lt.exe" "b146153b675b50510cccd78b8d9d36ef"
  [6.24mn]="ftp://ftp.rarlab.com/rar/winrar-x32-624mn.exe" "6c072e3f8541c5d92ba4a911950d9f1f"
  [6.24nl]="ftp://ftp.rarlab.com/rar/winrar-x32-624nl.exe" "8abc04d8101bc20e7a37deb8b86581c2"
  [6.24no]="ftp://ftp.rarlab.com/rar/winrar-x32-624no.exe" "b26c5f6652ff57316d38dc04af5cd032"
  [6.24pl]="ftp://ftp.rarlab.com/rar/winrar-x32-624pl.exe" "f749bb1fe00ca58e607d1f291e6d83df"
  [6.24pt]="ftp://ftp.rarlab.com/rar/winrar-x32-624pt.exe" "aa3f2e8a4ad1e8c76a0d236548ba66e5"
  [6.24ro]="ftp://ftp.rarlab.com/rar/winrar-x32-624ro.exe" "c9902eb2013cb03ffb433f61f320602b"
  [6.24ru]="ftp://ftp.rarlab.com/rar/winrar-x32-624ru.exe" "415ab203fb8e8f6fb165f804dd326543"
  [6.24sc]="ftp://ftp.rarlab.com/rar/winrar-x32-624sc.exe" "5c994eac695ca87a450bf08c742175cc"
  [6.24sk]="ftp://ftp.rarlab.com/rar/winrar-x32-624sk.exe" "a3611f8df6fe14b586b4727d56d5c2d5"
  [6.24sl]="ftp://ftp.rarlab.com/rar/winrar-x32-624slv.exe" "09e2cdbab3b1b6315ae639236ae12813"
  [6.24sr]="ftp://ftp.rarlab.com/rar/winrar-x32-624srbcyr.exe" "1447c9eb1c319e0c0ca993151f78911c"
  [6.24sv]="ftp://ftp.rarlab.com/rar/winrar-x32-624sw.exe" "a605d205bb2e38a9699bcd4e6a5c209d"
  [6.24th]="ftp://ftp.rarlab.com/rar/winrar-x32-624th.exe" "3d9af32e51034e6a5cb1b03b6d0c37a5"
  [6.24vi]="ftp://ftp.rarlab.com/rar/winrar-x32-624vn.exe" "83779fe71bce249ada33f8160dd3cc06"
  [6.24zh]="ftp://ftp.rarlab.com/rar/winrar-x32-624tc.exe" "a4fa88a5523ef21a7c3ad712ae753d69"
  [7.00ar]="ftp://ftp.rarlab.com/rar/winrar-x32-700ar.exe" "cd64041cc7cc0aa69fb2431b2e346482"
  [7.00bg]="ftp://ftp.rarlab.com/rar/winrar-x32-700bg.exe" "d8f9dfe94b491129181b9d41651cced1"
  [7.00ca]="ftp://ftp.rarlab.com/rar/winrar-x32-700ca.exe" "a7be254b3aa35d6198df75ad298e86ad"
  [7.00cs]="ftp://ftp.rarlab.com/rar/winrar-x32-700cz.exe" "27547771a8a41cd68a03a0d4caf8f6c0"
  [7.00da]="ftp://ftp.rarlab.com/rar/winrar-x32-700dk.exe" "17ebb60ef60bb44bdfbe69652c173e5e"
  [7.00de]="ftp://ftp.rarlab.com/rar/winrar-x32-700d.exe" "3e7c757995f45c9666bb9f3ae3afd8ae"
  [7.00en]="ftp://ftp.rarlab.com/rar/winrar-x32-700.exe" "4a7ddf13c179e6eeb45261023589fa88"
  [7.00es]="ftp://ftp.rarlab.com/rar/winrar-x32-700es.exe" "946aee21ad3c6281ed8efc96fbe99e75"
  [7.00eu]="ftp://ftp.rarlab.com/rar/winrar-x32-700eu.exe" "7bd43a20e6c3e43ffb905efc2fbb2a23"
  [7.00fr]="ftp://ftp.rarlab.com/rar/winrar-x32-700fr.exe" "af4bc4436c80f0f651c29bcce4666803"
  [7.00gl]="ftp://ftp.rarlab.com/rar/winrar-x32-700gl.exe" "fe960c25a8c78942726578d452dffa94"
  [7.00hr]="ftp://ftp.rarlab.com/rar/winrar-x32-700cro.exe" "380fabdcdc36fffcdc05c138c32f71f8"
  [7.00hu]="ftp://ftp.rarlab.com/rar/winrar-x32-700hu.exe" "28e175029c4e39a17fedc0c8d3a0d3c0"
  [7.00hy]="ftp://ftp.rarlab.com/rar/winrar-x32-700am.exe" "6706c61d453722e9d42bfd82926bdffa"
  [7.00id]="ftp://ftp.rarlab.com/rar/winrar-x32-700id.exe" "e07107ed9ee520524a54a9d879385cc4"
  [7.00it]="ftp://ftp.rarlab.com/rar/winrar-x32-700it.exe" "db7e9f3341aea6986ce607d8879461fe"
  [7.00ja]="ftp://ftp.rarlab.com/rar/winrar-x32-700jp.exe" "43215b3e552a07e5cb5f6c2ef20b9c23"
  [7.00ko]="ftp://ftp.rarlab.com/rar/winrar-x32-700kr.exe" "8949e3aa2d1cb6489e92b8b9d029733f"
  [7.00mn]="ftp://ftp.rarlab.com/rar/winrar-x32-700mn.exe" "1c537c1089d2cdd5191f8cbe5eaeaa01"
  [7.00nl]="ftp://ftp.rarlab.com/rar/winrar-x32-700nl.exe" "38d8678f7af01632f1b400190ca1cfbf"
  [7.00no]="ftp://ftp.rarlab.com/rar/winrar-x32-700no.exe" "3dcd0ed497110bb73b2ce6c9b41952ca"
  [7.00pl]="ftp://ftp.rarlab.com/rar/winrar-x32-700pl.exe" "a776631ae12773189efedc46d3555cc4"
  [7.00pt]="ftp://ftp.rarlab.com/rar/winrar-x32-700pt.exe" "75b50f421377a14f5379d33fa3c7b424"
  [7.00ro]="ftp://ftp.rarlab.com/rar/winrar-x32-700ro.exe" "1025e48461397f96237c239fa8c81c2f"
  [7.00ru]="ftp://ftp.rarlab.com/rar/winrar-x32-700ru.exe" "3248d91bf6a38a358d058038d79d6c4e"
  [7.00sc]="ftp://ftp.rarlab.com/rar/winrar-x32-700sc.exe" "89627e08bead875cdf9659d6aa0da7d8"
  [7.00sk]="ftp://ftp.rarlab.com/rar/winrar-x32-700sk.exe" "a0123d629e2de017c3953263c4c7d27f"
  [7.00sl]="ftp://ftp.rarlab.com/rar/winrar-x32-700slv.exe" "3b6ee20b5cd8356b352571c37fc618dd"
  [7.00sv]="ftp://ftp.rarlab.com/rar/winrar-x32-700sw.exe" "131895446afc09218d2b2c22ecaf9e7f"
  [7.00th]="ftp://ftp.rarlab.com/rar/winrar-x32-700th.exe" "09ef94d36d5bd0868f0ed412d87c7c47"
  [7.00vi]="ftp://ftp.rarlab.com/rar/winrar-x32-700vn.exe" "58de8e45671342ae829e46cd4da30563"
  [7.00zh]="ftp://ftp.rarlab.com/rar/winrar-x32-700tc.exe" "cf644eb4bfe5512193a42c537283df56"
  [7.01ar]="ftp://ftp.rarlab.com/rar/winrar-x32-701ar.exe" "fdf207172ada7ce9a62f160ed16fbc4d"
  [7.01bg]="ftp://ftp.rarlab.com/rar/winrar-x32-701bg.exe" "03acda95118ec97edabd58ddebf78184"
  [7.01ca]="ftp://ftp.rarlab.com/rar/winrar-x32-701ca.exe" "7c8e73c2f8c1c630fceb4ba51cdf012e"
  [7.01cs]="ftp://ftp.rarlab.com/rar/winrar-x32-701cz.exe" "03dbbf9af345a962638411f1804b6562"
  [7.01da]="ftp://ftp.rarlab.com/rar/winrar-x32-701dk.exe" "cb3983e164296631691e8d457acba622"
  [7.01de]="ftp://ftp.rarlab.com/rar/winrar-x32-701d.exe" "421871ea2aac8a150e3723f017bcb043"
  [7.01el]="ftp://ftp.rarlab.com/rar/winrar-x32-701el.exe" "f38461bee5aff8d3921bff9fe2636164"
  [7.01en]="ftp://ftp.rarlab.com/rar/winrar-x32-701.exe" "547e29c3d612a26d41545a31e6bac6c5"
  [7.01es]="ftp://ftp.rarlab.com/rar/winrar-x32-701es.exe" "6f5ee30c22ba1aaa8a9ffcfad051f931"
  [7.01eu]="ftp://ftp.rarlab.com/rar/winrar-x32-701eu.exe" "70e385e22d8ad48b29aa9c2082e381cb"
  [7.01fi]="ftp://ftp.rarlab.com/rar/winrar-x32-701fi.exe" "7233c38086b559add094c1fae05af1ee"
  [7.01fr]="ftp://ftp.rarlab.com/rar/winrar-x32-701fr.exe" "daac4f885a256634067fdf6417475a70"
  [7.01gl]="ftp://ftp.rarlab.com/rar/winrar-x32-701gl.exe" "c54d70e6720dce29b29ed495bfd2d719"
  [7.01hr]="ftp://ftp.rarlab.com/rar/winrar-x32-701cro.exe" "14491a2755e5e91be5b99018ef8472b7"
  [7.01hu]="ftp://ftp.rarlab.com/rar/winrar-x32-701hu.exe" "7ea385cf6c2899ad2bc82ac943c3248a"
  [7.01hy]="ftp://ftp.rarlab.com/rar/winrar-x32-701am.exe" "b836a7b704221b5c0d57ae62177a344c"
  [7.01id]="ftp://ftp.rarlab.com/rar/winrar-x32-701id.exe" "001822c390b1a606ee4ae36ef72af011"
  [7.01it]="ftp://ftp.rarlab.com/rar/winrar-x32-701it.exe" "0b7305a109a3006958ee5d495d11d2ca"
  [7.01ja]="ftp://ftp.rarlab.com/rar/winrar-x32-701jp.exe" "8963b54d5d842cb904ba4a2a2a8687a9"
  [7.01ko]="ftp://ftp.rarlab.com/rar/winrar-x32-701kr.exe" "ece73b8ca8c5b7fba49a1b3fc223370c"
  [7.01lt]="ftp://ftp.rarlab.com/rar/winrar-x32-701lt.exe" "3910ccfc3e087b5d102fcb0ccf5690b5"
  [7.01mn]="ftp://ftp.rarlab.com/rar/winrar-x32-701mn.exe" "4d99c15cb186dec7598fa310e553c230"
  [7.01nl]="ftp://ftp.rarlab.com/rar/winrar-x32-701nl.exe" "9fed1dac6c609e73ffa65466f2d42128"
  [7.01no]="ftp://ftp.rarlab.com/rar/winrar-x32-701no.exe" "de45c964a31add65f52af11d0248370c"
  [7.01pl]="ftp://ftp.rarlab.com/rar/winrar-x32-701pl.exe" "bce1533107fd73cc64a3a831938c30ab"
  [7.01pt]="ftp://ftp.rarlab.com/rar/winrar-x32-701pt.exe" "46e84d3bdd43b2aceb89bb524340b908"
  [7.01ro]="ftp://ftp.rarlab.com/rar/winrar-x32-701ro.exe" "6d597e5c4e3bfd1c7fee23884c3736f9"
  [7.01ru]="ftp://ftp.rarlab.com/rar/winrar-x32-701ru.exe" "cfc0f8772025dce9a5a35eceb79718e3"
  [7.01sc]="ftp://ftp.rarlab.com/rar/winrar-x32-701sc.exe" "bc803cbdb389052faaa4612c32a5ea7b"
  [7.01sk]="ftp://ftp.rarlab.com/rar/winrar-x32-701sk.exe" "fa619d6c8fc8357fcbf34ab9b580f66e"
  [7.01sl]="ftp://ftp.rarlab.com/rar/winrar-x32-701slv.exe" "2563b49f19095b07a13c9fb1583b657a"
  [7.01sv]="ftp://ftp.rarlab.com/rar/winrar-x32-701sw.exe" "c022f7f9d29672e46ea65e1f311e89e2"
  [7.01th]="ftp://ftp.rarlab.com/rar/winrar-x32-701th.exe" "4a24a2445a25538f52e005e3c9981ba9"
  [7.01vi]="ftp://ftp.rarlab.com/rar/winrar-x32-701vn.exe" "96b0e29620c56fb7cf00c95244cd16bd"
  [7.01zh]="ftp://ftp.rarlab.com/rar/winrar-x32-701tc.exe" "ce6d832835182f93fef683cb58c64452"
)
